{"/Users/vm/boca-code/nodejs-testing/index.js": {"path":"/Users/vm/boca-code/nodejs-testing/index.js","statementMap":{"0":{"start":{"line":2,"column":4},"end":{"line":2,"column":50}},"1":{"start":{"line":6,"column":4},"end":{"line":6,"column":51}},"2":{"start":{"line":9,"column":0},"end":{"line":9,"column":40}},"3":{"start":{"line":10,"column":0},"end":{"line":10,"column":40}},"4":{"start":{"line":11,"column":0},"end":{"line":11,"column":42}}},"fnMap":{"0":{"name":"calculateSalesTax","decl":{"start":{"line":1,"column":16},"end":{"line":1,"column":33}},"loc":{"start":{"line":1,"column":52},"end":{"line":3,"column":1}},"line":1},"1":{"name":"factorial","decl":{"start":{"line":5,"column":16},"end":{"line":5,"column":25}},"loc":{"start":{"line":5,"column":30},"end":{"line":7,"column":1}},"line":5}},"branchMap":{"0":{"loc":{"start":{"line":6,"column":11},"end":{"line":6,"column":51}},"type":"cond-expr","locations":[{"start":{"line":6,"column":23},"end":{"line":6,"column":24}},{"start":{"line":6,"column":27},"end":{"line":6,"column":51}}],"line":6}},"s":{"0":6,"1":14,"2":1,"3":1,"4":1},"f":{"0":6,"1":14},"b":{"0":[3,11]},"_coverageSchema":"1a1c01bbd47fc00a2c39e90264f33305004495a9","hash":"2fe3c64d3ff5f58a95d4d59db9dc44849f81a1e1"}
,"/Users/vm/boca-code/nodejs-testing/src/utils.js": {"path":"/Users/vm/boca-code/nodejs-testing/src/utils.js","statementMap":{"0":{"start":{"line":2,"column":4},"end":{"line":2,"column":26}}},"fnMap":{"0":{"name":"sayHello","decl":{"start":{"line":1,"column":16},"end":{"line":1,"column":24}},"loc":{"start":{"line":1,"column":30},"end":{"line":3,"column":1}},"line":1}},"branchMap":{},"s":{"0":3},"f":{"0":3},"b":{},"_coverageSchema":"1a1c01bbd47fc00a2c39e90264f33305004495a9","hash":"e7e5a20e04fe769d1d2086522575841ff92713ec"}
}
